2020.05.05 08:43:19 INFO  started: Metals version 0.9.0 in workspace '/Users/jeremymiller/hackerrank/src'
2020.05.05 08:43:20 INFO  time: initialize in 0.35s
2020.05.05 08:43:20 WARN  no build tool detected in workspace '/Users/jeremymiller/hackerrank/src'. The most common cause for this problem is that the editor was opened in the wrong working directory, for example if you use sbt then the workspace directory should contain build.sbt. 
2020.05.05 08:43:20 INFO  no build target: using presentation compiler with only scala-library
2020.05.05 08:43:22 WARN  no build target for: /Users/jeremymiller/hackerrank/src/birthdayChocolate.scala
2020.05.05 08:43:22 WARN  no build target for: /Users/jeremymiller/hackerrank/src/divisibleSumPairs.scala
2020.05.05 08:44:58 WARN  no build tool detected in workspace '/Users/jeremymiller/hackerrank/src'. The most common cause for this problem is that the editor was opened in the wrong working directory, for example if you use sbt then the workspace directory should contain build.sbt. 
2020.05.05 08:59:21 WARN  no build target for: /Users/jeremymiller/hackerrank/src/divisibleSumPairs.scala
2020.05.05 08:59:25 WARN  no build target for: /Users/jeremymiller/hackerrank/src/divisibleSumPairs.scala
May 05, 2020 9:11:15 AM org.eclipse.lsp4j.jsonrpc.RemoteEndpoint handleNotification
WARNING: Notification threw an exception: {
  "jsonrpc": "2.0",
  "method": "metals/didFocusTextDocument",
  "params": "untitled:/Users/jeremymiller/hackerrank/src/migratoryBirds.scala"
}
java.lang.RuntimeException: java.lang.reflect.InvocationTargetException
	at org.eclipse.lsp4j.jsonrpc.services.GenericEndpoint.lambda$null$0(GenericEndpoint.java:67)
	at org.eclipse.lsp4j.jsonrpc.services.GenericEndpoint.notify(GenericEndpoint.java:152)
	at org.eclipse.lsp4j.jsonrpc.RemoteEndpoint.handleNotification(RemoteEndpoint.java:220)
	at org.eclipse.lsp4j.jsonrpc.RemoteEndpoint.consume(RemoteEndpoint.java:187)
	at org.eclipse.lsp4j.jsonrpc.json.StreamMessageProducer.handleMessage(StreamMessageProducer.java:194)
	at org.eclipse.lsp4j.jsonrpc.json.StreamMessageProducer.listen(StreamMessageProducer.java:94)
	at org.eclipse.lsp4j.jsonrpc.json.ConcurrentMessageProcessor.run(ConcurrentMessageProcessor.java:113)
	at java.util.concurrent.Executors$RunnableAdapter.call(Executors.java:511)
	at java.util.concurrent.FutureTask.run(FutureTask.java:266)
	at java.util.concurrent.ThreadPoolExecutor.runWorker(ThreadPoolExecutor.java:1149)
	at java.util.concurrent.ThreadPoolExecutor$Worker.run(ThreadPoolExecutor.java:624)
	at java.lang.Thread.run(Thread.java:748)
Caused by: java.lang.reflect.InvocationTargetException
	at sun.reflect.NativeMethodAccessorImpl.invoke0(Native Method)
	at sun.reflect.NativeMethodAccessorImpl.invoke(NativeMethodAccessorImpl.java:62)
	at sun.reflect.DelegatingMethodAccessorImpl.invoke(DelegatingMethodAccessorImpl.java:43)
	at java.lang.reflect.Method.invoke(Method.java:498)
	at org.eclipse.lsp4j.jsonrpc.services.GenericEndpoint.lambda$null$0(GenericEndpoint.java:65)
	... 11 more
Caused by: java.nio.file.FileSystemNotFoundException: Provider "untitled" not installed
	at java.nio.file.Paths.get(Paths.java:147)
	at scala.meta.internal.metals.MetalsEnrichments$XtensionString.toAbsolutePath(MetalsEnrichments.scala:402)
	at scala.meta.internal.metals.MetalsLanguageServer.didFocus(MetalsLanguageServer.scala:747)
	... 16 more

May 05, 2020 9:11:18 AM org.eclipse.lsp4j.jsonrpc.RemoteEndpoint handleNotification
WARNING: Notification threw an exception: {
  "jsonrpc": "2.0",
  "method": "metals/didFocusTextDocument",
  "params": "untitled:/Users/jeremymiller/hackerrank/src/migratoryBirds.scala"
}
java.lang.RuntimeException: java.lang.reflect.InvocationTargetException
	at org.eclipse.lsp4j.jsonrpc.services.GenericEndpoint.lambda$null$0(GenericEndpoint.java:67)
	at org.eclipse.lsp4j.jsonrpc.services.GenericEndpoint.notify(GenericEndpoint.java:152)
	at org.eclipse.lsp4j.jsonrpc.RemoteEndpoint.handleNotification(RemoteEndpoint.java:220)
	at org.eclipse.lsp4j.jsonrpc.RemoteEndpoint.consume(RemoteEndpoint.java:187)
	at org.eclipse.lsp4j.jsonrpc.json.StreamMessageProducer.handleMessage(StreamMessageProducer.java:194)
	at org.eclipse.lsp4j.jsonrpc.json.StreamMessageProducer.listen(StreamMessageProducer.java:94)
	at org.eclipse.lsp4j.jsonrpc.json.ConcurrentMessageProcessor.run(ConcurrentMessageProcessor.java:113)
	at java.util.concurrent.Executors$RunnableAdapter.call(Executors.java:511)
	at java.util.concurrent.FutureTask.run(FutureTask.java:266)
	at java.util.concurrent.ThreadPoolExecutor.runWorker(ThreadPoolExecutor.java:1149)
	at java.util.concurrent.ThreadPoolExecutor$Worker.run(ThreadPoolExecutor.java:624)
	at java.lang.Thread.run(Thread.java:748)
Caused by: java.lang.reflect.InvocationTargetException
	at sun.reflect.NativeMethodAccessorImpl.invoke0(Native Method)
	at sun.reflect.NativeMethodAccessorImpl.invoke(NativeMethodAccessorImpl.java:62)
	at sun.reflect.DelegatingMethodAccessorImpl.invoke(DelegatingMethodAccessorImpl.java:43)
	at java.lang.reflect.Method.invoke(Method.java:498)
	at org.eclipse.lsp4j.jsonrpc.services.GenericEndpoint.lambda$null$0(GenericEndpoint.java:65)
	... 11 more
Caused by: java.nio.file.FileSystemNotFoundException: Provider "untitled" not installed
	at java.nio.file.Paths.get(Paths.java:147)
	at scala.meta.internal.metals.MetalsEnrichments$XtensionString.toAbsolutePath(MetalsEnrichments.scala:402)
	at scala.meta.internal.metals.MetalsLanguageServer.didFocus(MetalsLanguageServer.scala:747)
	... 16 more

May 05, 2020 9:11:37 AM org.eclipse.lsp4j.jsonrpc.RemoteEndpoint handleNotification
WARNING: Notification threw an exception: {
  "jsonrpc": "2.0",
  "method": "metals/didFocusTextDocument",
  "params": "untitled:/Users/jeremymiller/hackerrank/src/migratoryBirds.scala"
}
java.lang.RuntimeException: java.lang.reflect.InvocationTargetException
	at org.eclipse.lsp4j.jsonrpc.services.GenericEndpoint.lambda$null$0(GenericEndpoint.java:67)
	at org.eclipse.lsp4j.jsonrpc.services.GenericEndpoint.notify(GenericEndpoint.java:152)
	at org.eclipse.lsp4j.jsonrpc.RemoteEndpoint.handleNotification(RemoteEndpoint.java:220)
	at org.eclipse.lsp4j.jsonrpc.RemoteEndpoint.consume(RemoteEndpoint.java:187)
	at org.eclipse.lsp4j.jsonrpc.json.StreamMessageProducer.handleMessage(StreamMessageProducer.java:194)
	at org.eclipse.lsp4j.jsonrpc.json.StreamMessageProducer.listen(StreamMessageProducer.java:94)
	at org.eclipse.lsp4j.jsonrpc.json.ConcurrentMessageProcessor.run(ConcurrentMessageProcessor.java:113)
	at java.util.concurrent.Executors$RunnableAdapter.call(Executors.java:511)
	at java.util.concurrent.FutureTask.run(FutureTask.java:266)
	at java.util.concurrent.ThreadPoolExecutor.runWorker(ThreadPoolExecutor.java:1149)
	at java.util.concurrent.ThreadPoolExecutor$Worker.run(ThreadPoolExecutor.java:624)
	at java.lang.Thread.run(Thread.java:748)
Caused by: java.lang.reflect.InvocationTargetException
	at sun.reflect.NativeMethodAccessorImpl.invoke0(Native Method)
	at sun.reflect.NativeMethodAccessorImpl.invoke(NativeMethodAccessorImpl.java:62)
	at sun.reflect.DelegatingMethodAccessorImpl.invoke(DelegatingMethodAccessorImpl.java:43)
	at java.lang.reflect.Method.invoke(Method.java:498)
	at org.eclipse.lsp4j.jsonrpc.services.GenericEndpoint.lambda$null$0(GenericEndpoint.java:65)
	... 11 more
Caused by: java.nio.file.FileSystemNotFoundException: Provider "untitled" not installed
	at java.nio.file.Paths.get(Paths.java:147)
	at scala.meta.internal.metals.MetalsEnrichments$XtensionString.toAbsolutePath(MetalsEnrichments.scala:402)
	at scala.meta.internal.metals.MetalsLanguageServer.didFocus(MetalsLanguageServer.scala:747)
	... 16 more

2020.05.05 09:14:03 WARN  no build target for: /Users/jeremymiller/hackerrank/src/migratoryBirds.scala
2020.05.05 09:14:03 WARN  no build target for: /Users/jeremymiller/hackerrank/src/migratoryBirds.scala
2020.05.05 09:18:50 WARN  no build target for: /Users/jeremymiller/hackerrank/src/migratoryBirds.scala
2020.05.05 09:20:47 WARN  no build target for: /Users/jeremymiller/hackerrank/src/divisibleSumPairs.scala
2020.05.05 09:24:28 WARN  no build target for: /Users/jeremymiller/hackerrank/src/divisibleSumPairs.scala
2020.05.05 09:25:03 WARN  no build target for: /Users/jeremymiller/hackerrank/src/divisibleSumPairs.scala
2020.05.05 09:25:06 WARN  no build tool detected in workspace '/Users/jeremymiller/hackerrank/src'. The most common cause for this problem is that the editor was opened in the wrong working directory, for example if you use sbt then the workspace directory should contain build.sbt. 
2020.05.05 09:25:11 WARN  no build tool detected in workspace '/Users/jeremymiller/hackerrank/src'. The most common cause for this problem is that the editor was opened in the wrong working directory, for example if you use sbt then the workspace directory should contain build.sbt. 
2020.05.05 09:25:14 WARN  no build target for: /Users/jeremymiller/hackerrank/src/migratoryBirds.scala
2020.05.05 09:26:02 WARN  no build target for: /Users/jeremymiller/hackerrank/src/migratoryBirds.scala
2020.05.05 09:44:25 INFO  shutting down Metals
2020.05.11 14:28:12 INFO  started: Metals version 0.9.0 in workspace '/Users/jeremymiller/hackerrank/src'
2020.05.11 14:28:12 INFO  time: initialize in 0.53s
2020.05.11 14:28:13 WARN  no build tool detected in workspace '/Users/jeremymiller/hackerrank/src'. The most common cause for this problem is that the editor was opened in the wrong working directory, for example if you use sbt then the workspace directory should contain build.sbt. 
2020.05.11 18:05:48 INFO  no build target: using presentation compiler with only scala-library
2020.05.11 18:05:49 WARN  no build target for: /Users/jeremymiller/hackerrank/src/calendar.scala
2020.05.11 18:06:15 WARN  no build target for: /Users/jeremymiller/hackerrank/src/calendar.scala
2020.05.11 18:08:37 WARN  no build target for: /Users/jeremymiller/hackerrank/src/calendar.scala
2020.05.11 18:11:10 WARN  no build target for: /Users/jeremymiller/hackerrank/src/calendar.scala
2020.05.11 18:12:23 WARN  no build target for: /Users/jeremymiller/hackerrank/src/calendar.scala
2020.05.11 18:13:08 WARN  no build target for: /Users/jeremymiller/hackerrank/src/calendar.scala
2020.05.11 18:13:43 WARN  no build target for: /Users/jeremymiller/hackerrank/src/calendar.scala
2020.05.12 13:52:27 WARN  no build target for: /Users/jeremymiller/hackerrank/src/bonAppetit.scala
2020.05.12 13:52:32 WARN  no build target for: /Users/jeremymiller/hackerrank/src/bonAppetit.scala
2020.05.12 14:01:26 WARN  no build target for: /Users/jeremymiller/hackerrank/src/bonAppetit.scala
2020.05.12 14:02:18 WARN  no build target for: /Users/jeremymiller/hackerrank/src/bonAppetit.scala
2020.05.12 15:12:36 WARN  no build tool detected in workspace '/Users/jeremymiller/hackerrank/src'. The most common cause for this problem is that the editor was opened in the wrong working directory, for example if you use sbt then the workspace directory should contain build.sbt. 
2020.05.12 15:13:05 WARN  no build tool detected in workspace '/Users/jeremymiller/hackerrank/src'. The most common cause for this problem is that the editor was opened in the wrong working directory, for example if you use sbt then the workspace directory should contain build.sbt. 
2020.05.14 10:29:44 INFO  shutting down Metals
2020.05.14 14:40:45 INFO  started: Metals version 0.9.0 in workspace '/Users/jeremymiller/hackerrank/src'
2020.05.14 14:40:45 INFO  time: initialize in 0.46s
2020.05.14 14:40:46 WARN  no build tool detected in workspace '/Users/jeremymiller/hackerrank/src'. The most common cause for this problem is that the editor was opened in the wrong working directory, for example if you use sbt then the workspace directory should contain build.sbt. 
2020.05.15 16:53:14 INFO  shutting down Metals
2020.05.19 10:44:15 INFO  started: Metals version 0.9.0 in workspace '/Users/jeremymiller/hackerrank/src'
2020.05.19 10:44:15 INFO  time: initialize in 0.35s
2020.05.19 10:44:16 WARN  no build tool detected in workspace '/Users/jeremymiller/hackerrank/src'. The most common cause for this problem is that the editor was opened in the wrong working directory, for example if you use sbt then the workspace directory should contain build.sbt. 
2020.05.19 10:52:05 INFO  no build target: using presentation compiler with only scala-library
2020.05.19 10:52:06 WARN  no build target for: /Users/jeremymiller/hackerrank/src/countingValleys.scala
2020.05.19 10:53:31 WARN  no build target for: /Users/jeremymiller/hackerrank/src/countingValleys.scala
2020.05.19 10:56:37 WARN  no build target for: /Users/jeremymiller/hackerrank/src/countingValleys.scala
2020.05.19 10:56:54 INFO  shutting down Metals
